2024-07-21 15:27:25,174 [INFO] Activator:176 - 


2024-07-21 15:27:25,182 [INFO] Activator:177 - !SESSION log4j initialized
2024-07-21 15:27:34,605 [INFO] LogOutputStream:77 - [STDOUT_REDIRECT] 
2024-07-21 15:27:41,234 [INFO] ApplicationProperties:184 - Using Application install path: D:\programs\Applications\STM\STM32CubeIDE_1.14.1\STM32CubeIDE\plugins\com.st.stm32cube.common.mx_6.10.0.202311202037
2024-07-21 15:27:41,261 [INFO] DbMcusXml:78 - Set database path to: D:\programs\Applications\STM\STM32CubeIDE_1.14.1\STM32CubeIDE\plugins\com.st.stm32cube.common.mx_6.10.0.202311202037\\db\/mcu/
2024-07-21 15:27:41,262 [INFO] ApiDb:274 - Set plugin database path to: D:\programs\Applications\STM\STM32CubeIDE_1.14.1\STM32CubeIDE\plugins\com.st.stm32cube.common.mx_6.10.0.202311202037\\db\/plugins/boardmanager/
2024-07-21 15:27:41,263 [WARN] ApiDb:259 - Overriding images path with different value:  => D:\programs\Applications\STM\STM32CubeIDE_1.14.1\STM32CubeIDE\plugins\com.st.stm32cube.common.mx_6.10.0.202311202037\\db\/plugins/mcufinder/images/
2024-07-21 15:27:41,273 [INFO] ApiDb:250 - Set database path to: C:\Users\Hemant\.stmcufinder\plugins\mcufinder//mcu/
2024-07-21 15:27:41,275 [INFO] DbMcusAds:125 - Set database path to: C:\Users\Hemant\.stmcufinder\plugins\mcufinder//mcu/
2024-07-21 15:27:41,278 [INFO] CrossReferenceDbSqlite:203 - Set database path to: C:\Users\Hemant\.stmcufinder\plugins\mcufinder//mcu/cs/
2024-07-21 15:27:41,426 [INFO] RulesReader:64 - Compatibility file has been processed (297 Rules)
2024-07-21 15:27:41,604 [INFO] DbMcusXml:78 - Set database path to: D:\programs\Applications\STM\STM32CubeIDE_1.14.1\STM32CubeIDE\plugins\com.st.stm32cube.common.mx_6.10.0.202311202037\\db\/mcu/
2024-07-21 15:27:41,604 [INFO] ApiDb:274 - Set plugin database path to: D:\programs\Applications\STM\STM32CubeIDE_1.14.1\STM32CubeIDE\plugins\com.st.stm32cube.common.mx_6.10.0.202311202037\\db\/plugins/boardmanager/
2024-07-21 15:27:41,605 [INFO] ApiDb:261 - Set plugin images path to: D:\programs\Applications\STM\STM32CubeIDE_1.14.1\STM32CubeIDE\plugins\com.st.stm32cube.common.mx_6.10.0.202311202037\\db\/plugins/mcufinder/images/
2024-07-21 15:27:41,605 [WARN] DbFile:41 - Overriding database path with different value: C:\Users\Hemant\.stmcufinder\plugins\mcufinder/ => C:\Users\Hemant\.stmcufinder\plugins\mcufinder
2024-07-21 15:27:41,605 [INFO] ApiDb:250 - Set database path to: C:\Users\Hemant\.stmcufinder\plugins\mcufinder//mcu/
2024-07-21 15:27:41,605 [WARN] DbFile:41 - Overriding database path with different value: C:\Users\Hemant\.stmcufinder\plugins\mcufinder/ => C:\Users\Hemant\.stmcufinder\plugins\mcufinder
2024-07-21 15:27:41,605 [INFO] DbMcusAds:125 - Set database path to: C:\Users\Hemant\.stmcufinder\plugins\mcufinder//mcu/
2024-07-21 15:27:41,605 [WARN] DbFile:41 - Overriding database path with different value: C:\Users\Hemant\.stmcufinder\plugins\mcufinder/ => C:\Users\Hemant\.stmcufinder\plugins\mcufinder
2024-07-21 15:27:41,605 [WARN] DbFile:41 - Overriding database path with different value: C:\Users\Hemant\.stmcufinder\plugins\mcufinder/ => C:\Users\Hemant\.stmcufinder\plugins\mcufinder
2024-07-21 15:27:41,605 [INFO] CrossReferenceDbSqlite:203 - Set database path to: C:\Users\Hemant\.stmcufinder\plugins\mcufinder//mcu/cs/
2024-07-21 15:27:41,716 [INFO] MainPanel:264 - HeapMemory: 268435456
2024-07-21 15:27:41,835 [INFO] DbMcusXml:78 - Set database path to: D:\programs\Applications\STM\STM32CubeIDE_1.14.1\STM32CubeIDE\plugins\com.st.stm32cube.common.mx_6.10.0.202311202037\\db\/mcu/
2024-07-21 15:27:41,835 [INFO] ApiDb:274 - Set plugin database path to: D:\programs\Applications\STM\STM32CubeIDE_1.14.1\STM32CubeIDE\plugins\com.st.stm32cube.common.mx_6.10.0.202311202037\\db\/plugins/boardmanager/
2024-07-21 15:27:41,835 [INFO] ApiDb:261 - Set plugin images path to: D:\programs\Applications\STM\STM32CubeIDE_1.14.1\STM32CubeIDE\plugins\com.st.stm32cube.common.mx_6.10.0.202311202037\\db\/plugins/mcufinder/images/
2024-07-21 15:27:41,836 [WARN] DbFile:41 - Overriding database path with different value: C:\Users\Hemant\.stmcufinder\plugins\mcufinder/ => C:\Users\Hemant\.stmcufinder\plugins\mcufinder
2024-07-21 15:27:41,836 [INFO] ApiDb:250 - Set database path to: C:\Users\Hemant\.stmcufinder\plugins\mcufinder//mcu/
2024-07-21 15:27:41,836 [WARN] DbFile:41 - Overriding database path with different value: C:\Users\Hemant\.stmcufinder\plugins\mcufinder/ => C:\Users\Hemant\.stmcufinder\plugins\mcufinder
2024-07-21 15:27:41,836 [INFO] DbMcusAds:125 - Set database path to: C:\Users\Hemant\.stmcufinder\plugins\mcufinder//mcu/
2024-07-21 15:27:41,836 [WARN] DbFile:41 - Overriding database path with different value: C:\Users\Hemant\.stmcufinder\plugins\mcufinder/ => C:\Users\Hemant\.stmcufinder\plugins\mcufinder
2024-07-21 15:27:41,836 [WARN] DbFile:41 - Overriding database path with different value: C:\Users\Hemant\.stmcufinder\plugins\mcufinder/ => C:\Users\Hemant\.stmcufinder\plugins\mcufinder
2024-07-21 15:27:41,836 [INFO] CrossReferenceDbSqlite:203 - Set database path to: C:\Users\Hemant\.stmcufinder\plugins\mcufinder//mcu/cs/
2024-07-21 15:27:41,860 [INFO] ApplicationProperties:184 - Using Application install path: D:\programs\Applications\STM\STM32CubeIDE_1.14.1\STM32CubeIDE\plugins\com.st.stm32cube.common.mx_6.10.0.202311202037
2024-07-21 15:27:41,862 [INFO] PluginManage:196 - Search for loadable plugins [exclusion list=, ]
2024-07-21 15:27:41,864 [INFO] PluginManage:310 - Check plugin analytics
2024-07-21 15:27:42,059 [INFO] AnalyticsPlugin:253 - Accepted Software Licenses: 
2024-07-21 15:27:42,060 [INFO] AnalyticsPlugin:255 - Accepted CMSIS Pack Licenses: 
2024-07-21 15:27:42,060 [INFO] AnalyticsPlugin:257 - Accepted Firmware Licenses: FW.F4.1.28.0
2024-07-21 15:27:42,063 [INFO] PluginManage:359 - Loaded plugin analytics (category:tool,tabindex:-1)
2024-07-21 15:27:42,063 [INFO] PluginManage:310 - Check plugin cadmodel
2024-07-21 15:27:42,078 [INFO] CADModel:105 - Init CAD model plugin
2024-07-21 15:27:42,079 [INFO] PluginManage:359 - Loaded plugin cadmodel (category:power,tabindex:5)
2024-07-21 15:27:42,079 [INFO] PluginManage:310 - Check plugin clock
2024-07-21 15:27:42,099 [INFO] PluginManage:359 - Loaded plugin clock (category:base,tabindex:2)
2024-07-21 15:27:42,100 [INFO] PluginManage:310 - Check plugin ddr
2024-07-21 15:27:42,102 [INFO] PluginManage:359 - Loaded plugin ddr (category:tool,tabindex:6)
2024-07-21 15:27:42,103 [INFO] PluginManage:310 - Check plugin filemanager
2024-07-21 15:27:42,248 [INFO] PluginManage:359 - Loaded plugin filemanager (category:base,tabindex:10)
2024-07-21 15:27:42,248 [INFO] PluginManage:310 - Check plugin ipmanager
2024-07-21 15:27:42,259 [INFO] PluginManage:359 - Loaded plugin ipmanager (category:base,tabindex:5)
2024-07-21 15:27:42,259 [INFO] PluginManage:310 - Check plugin lpbam
2024-07-21 15:27:42,281 [INFO] PluginManage:359 - Loaded plugin lpbam (category:base,tabindex:0)
2024-07-21 15:27:42,281 [INFO] PluginManage:310 - Check plugin memorymap
2024-07-21 15:27:42,311 [INFO] PluginManage:359 - Loaded plugin memorymap (category:base,tabindex:4)
2024-07-21 15:27:42,311 [INFO] PluginManage:310 - Check plugin pinoutandconfiguration
2024-07-21 15:27:42,333 [INFO] PluginManage:359 - Loaded plugin pinoutandconfiguration (category:base,tabindex:1)
2024-07-21 15:27:42,334 [INFO] PluginManage:310 - Check plugin pinoutconfig
2024-07-21 15:27:42,436 [WARN] SupportedApi:132 - Cannot load RTOS API schema: s4s-elt-must-match.1: The content of 'definitions' must match (annotation?, (simpleType | complexType)?, (unique | key | keyref)*)). A problem was found starting at: attribute.
2024-07-21 15:27:42,591 [INFO] PluginManage:359 - Loaded plugin pinoutconfig (category:base,tabindex:0)
2024-07-21 15:27:42,591 [INFO] PluginManage:310 - Check plugin power
2024-07-21 15:27:42,612 [INFO] PluginManage:359 - Loaded plugin power (category:power,tabindex:4)
2024-07-21 15:27:42,612 [INFO] PluginManage:310 - Check plugin projectmanager
2024-07-21 15:27:42,629 [INFO] PluginManage:359 - Loaded plugin projectmanager (category:projectmanager,tabindex:3)
2024-07-21 15:27:42,629 [INFO] PluginManage:310 - Check plugin thirdparty
2024-07-21 15:27:42,913 [INFO] PluginManage:359 - Loaded plugin thirdparty (category:base,tabindex:-1)
2024-07-21 15:27:42,914 [INFO] PluginManage:310 - Check plugin tools
2024-07-21 15:27:42,914 [WARN] IntegrityCheckThread:84 - waiting for thirdparty lock release [integrity check]
2024-07-21 15:27:42,914 [INFO] IntegrityCheckThread:86 - entering critical section [integrity check]
2024-07-21 15:27:42,915 [INFO] ThirdPartyUpdaterWithRetryManager:70 - Updater plugin not ready yet. [1/15]
2024-07-21 15:27:42,958 [INFO] PluginManage:359 - Loaded plugin tools (category:base,tabindex:7)
2024-07-21 15:27:42,958 [INFO] PluginManage:310 - Check plugin tutovideos
2024-07-21 15:27:43,172 [INFO] PluginManage:359 - Loaded plugin tutovideos (category:base,tabindex:-1)
2024-07-21 15:27:43,173 [INFO] PluginManage:310 - Check plugin updater
2024-07-21 15:27:43,187 [INFO] PluginManage:359 - Loaded plugin updater (category:base,tabindex:12)
2024-07-21 15:27:43,187 [INFO] PluginManage:310 - Check plugin userauth
2024-07-21 15:27:43,194 [INFO] UserAuth:114 - Init User Auth plugin
2024-07-21 15:27:43,195 [INFO] PluginManage:359 - Loaded plugin userauth (category:base,tabindex:14)
2024-07-21 15:27:43,195 [INFO] PluginManage:283 - PluginManage : Loaded plugins [17]
2024-07-21 15:27:43,465 [INFO] PinOutPanel:1499 - setPackage(No Configuration,No Configuration)
2024-07-21 15:27:43,556 [INFO] CADModel:165 - CPN selected for project level
2024-07-21 15:27:43,556 [INFO] CADModel:114 - Register for checkConnection events
2024-07-21 15:27:43,584 [INFO] IPUIPlugin:80 - create IPUIPlugin
2024-07-21 15:27:43,584 [INFO] PluginManager:220 - loadIPPluginJar : add adc
2024-07-21 15:27:43,639 [INFO] IPUIPlugin:80 - create IPUIPlugin
2024-07-21 15:27:43,640 [INFO] PluginManager:220 - loadIPPluginJar : add aes
2024-07-21 15:27:43,701 [INFO] IPUIPlugin:80 - create IPUIPlugin
2024-07-21 15:27:43,701 [INFO] PluginManager:220 - loadIPPluginJar : add can
2024-07-21 15:27:43,727 [INFO] IPUIPlugin:80 - create IPUIPlugin
2024-07-21 15:27:43,727 [INFO] PluginManager:220 - loadIPPluginJar : add comp
2024-07-21 15:27:43,777 [INFO] IPUIPlugin:80 - create IPUIPlugin
2024-07-21 15:27:43,778 [INFO] PluginManager:220 - loadIPPluginJar : add cryp
2024-07-21 15:27:43,821 [INFO] IPUIPlugin:80 - create IPUIPlugin
2024-07-21 15:27:43,821 [INFO] PluginManager:220 - loadIPPluginJar : add dfsdm
2024-07-21 15:27:43,840 [INFO] IPUIPlugin:80 - create IPUIPlugin
2024-07-21 15:27:43,840 [INFO] PluginManager:220 - loadIPPluginJar : add dma
2024-07-21 15:27:43,903 [INFO] IPUIPlugin:80 - create IPUIPlugin
2024-07-21 15:27:43,903 [INFO] PluginManager:220 - loadIPPluginJar : add dma3
2024-07-21 15:27:43,929 [INFO] IPUIPlugin:80 - create IPUIPlugin
2024-07-21 15:27:43,929 [INFO] PluginManager:220 - loadIPPluginJar : add fatfs
2024-07-21 15:27:43,986 [INFO] IPUIPlugin:80 - create IPUIPlugin
2024-07-21 15:27:43,986 [INFO] PluginManager:220 - loadIPPluginJar : add fmc
2024-07-21 15:27:44,001 [INFO] IPUIPlugin:80 - create IPUIPlugin
2024-07-21 15:27:44,002 [INFO] PluginManager:220 - loadIPPluginJar : add freertos
2024-07-21 15:27:44,027 [INFO] IPUIPlugin:80 - create IPUIPlugin
2024-07-21 15:27:44,027 [INFO] PluginManager:220 - loadIPPluginJar : add genericplugin
2024-07-21 15:27:44,160 [INFO] IPUIPlugin:80 - create IPUIPlugin
2024-07-21 15:27:44,160 [INFO] PluginManager:220 - loadIPPluginJar : add gfxmmu
2024-07-21 15:27:44,350 [INFO] IPUIPlugin:80 - create IPUIPlugin
2024-07-21 15:27:44,350 [INFO] PluginManager:220 - loadIPPluginJar : add gic
2024-07-21 15:27:44,363 [INFO] IPUIPlugin:80 - create IPUIPlugin
2024-07-21 15:27:44,363 [INFO] PluginManager:220 - loadIPPluginJar : add gpio
2024-07-21 15:27:44,478 [INFO] IPUIPlugin:80 - create IPUIPlugin
2024-07-21 15:27:44,479 [INFO] PluginManager:220 - loadIPPluginJar : add gtzc
2024-07-21 15:27:44,519 [INFO] IPUIPlugin:80 - create IPUIPlugin
2024-07-21 15:27:44,519 [INFO] PluginManager:220 - loadIPPluginJar : add hash
2024-07-21 15:27:44,600 [INFO] IPUIPlugin:80 - create IPUIPlugin
2024-07-21 15:27:44,600 [INFO] PluginManager:220 - loadIPPluginJar : add i2c
2024-07-21 15:27:44,648 [INFO] IPUIPlugin:80 - create IPUIPlugin
2024-07-21 15:27:44,648 [INFO] PluginManager:220 - loadIPPluginJar : add i2s
2024-07-21 15:27:44,699 [INFO] IPUIPlugin:80 - create IPUIPlugin
2024-07-21 15:27:44,699 [INFO] PluginManager:220 - loadIPPluginJar : add i3c
2024-07-21 15:27:44,822 [INFO] IPUIPlugin:80 - create IPUIPlugin
2024-07-21 15:27:44,822 [INFO] PluginManager:220 - loadIPPluginJar : add ipddr
2024-07-21 15:27:44,948 [INFO] IPUIPlugin:80 - create IPUIPlugin
2024-07-21 15:27:44,948 [INFO] PluginManager:220 - loadIPPluginJar : add linkedlist
2024-07-21 15:27:44,990 [INFO] IPUIPlugin:80 - create IPUIPlugin
2024-07-21 15:27:44,990 [INFO] PluginManager:220 - loadIPPluginJar : add lorawan
2024-07-21 15:27:45,040 [INFO] IPUIPlugin:80 - create IPUIPlugin
2024-07-21 15:27:45,041 [INFO] PluginManager:220 - loadIPPluginJar : add ltdc
2024-07-21 15:27:45,056 [INFO] IPUIPlugin:80 - create IPUIPlugin
2024-07-21 15:27:45,057 [INFO] PluginManager:220 - loadIPPluginJar : add mdma
2024-07-21 15:27:45,068 [INFO] IPUIPlugin:80 - create IPUIPlugin
2024-07-21 15:27:45,069 [INFO] PluginManager:220 - loadIPPluginJar : add nvic
2024-07-21 15:27:45,115 [INFO] IPUIPlugin:80 - create IPUIPlugin
2024-07-21 15:27:45,115 [INFO] PluginManager:220 - loadIPPluginJar : add opamp
2024-07-21 15:27:45,191 [INFO] IPUIPlugin:80 - create IPUIPlugin
2024-07-21 15:27:45,191 [INFO] PluginManager:220 - loadIPPluginJar : add openamp
2024-07-21 15:27:45,239 [INFO] IPUIPlugin:80 - create IPUIPlugin
2024-07-21 15:27:45,239 [INFO] PluginManager:220 - loadIPPluginJar : add pdm2pcm
2024-07-21 15:27:45,263 [INFO] IPUIPlugin:80 - create IPUIPlugin
2024-07-21 15:27:45,266 [INFO] PluginManager:220 - loadIPPluginJar : add plateformsettings
2024-07-21 15:27:45,294 [INFO] IPUIPlugin:80 - create IPUIPlugin
2024-07-21 15:27:45,295 [INFO] PluginManager:220 - loadIPPluginJar : add quadspi
2024-07-21 15:27:45,312 [INFO] IPUIPlugin:80 - create IPUIPlugin
2024-07-21 15:27:45,312 [INFO] PluginManager:220 - loadIPPluginJar : add resmgrutility
2024-07-21 15:27:45,379 [INFO] IPUIPlugin:80 - create IPUIPlugin
2024-07-21 15:27:45,380 [INFO] PluginManager:220 - loadIPPluginJar : add sai
2024-07-21 15:27:45,422 [INFO] IPUIPlugin:80 - create IPUIPlugin
2024-07-21 15:27:45,423 [INFO] PluginManager:220 - loadIPPluginJar : add spi
2024-07-21 15:27:45,499 [INFO] IPUIPlugin:80 - create IPUIPlugin
2024-07-21 15:27:45,499 [INFO] PluginManager:220 - loadIPPluginJar : add stm32_wpan
2024-07-21 15:27:45,528 [INFO] IPUIPlugin:80 - create IPUIPlugin
2024-07-21 15:27:45,528 [INFO] PluginManager:220 - loadIPPluginJar : add tim
2024-07-21 15:27:45,604 [INFO] IPUIPlugin:80 - create IPUIPlugin
2024-07-21 15:27:45,604 [INFO] PluginManager:220 - loadIPPluginJar : add touchsensing
2024-07-21 15:27:45,630 [INFO] IPUIPlugin:80 - create IPUIPlugin
2024-07-21 15:27:45,630 [INFO] PluginManager:220 - loadIPPluginJar : add tracer_emb
2024-07-21 15:27:45,659 [INFO] IPUIPlugin:80 - create IPUIPlugin
2024-07-21 15:27:45,659 [INFO] PluginManager:220 - loadIPPluginJar : add ts
2024-07-21 15:27:45,686 [INFO] IPUIPlugin:80 - create IPUIPlugin
2024-07-21 15:27:45,686 [INFO] PluginManager:220 - loadIPPluginJar : add tsc
2024-07-21 15:27:45,711 [INFO] IPUIPlugin:80 - create IPUIPlugin
2024-07-21 15:27:45,711 [INFO] PluginManager:220 - loadIPPluginJar : add ucpd
2024-07-21 15:27:45,763 [INFO] IPUIPlugin:80 - create IPUIPlugin
2024-07-21 15:27:45,763 [INFO] PluginManager:220 - loadIPPluginJar : add usart
2024-07-21 15:27:45,809 [INFO] IPUIPlugin:80 - create IPUIPlugin
2024-07-21 15:27:45,810 [INFO] PluginManager:220 - loadIPPluginJar : add usbx
2024-07-21 15:27:45,917 [INFO] ThirdPartyUpdaterWithRetryManager:70 - Updater plugin not ready yet. [2/15]
2024-07-21 15:27:45,948 [INFO] CADModel:165 - CPN selected for project level
2024-07-21 15:27:45,948 [INFO] CADModel:114 - Register for checkConnection events
2024-07-21 15:27:45,949 [FATAL] Updater:308 - Updater called before beeing initialized
2024-07-21 15:27:45,949 [ERROR] CADModel:125 - Updater not yet initialized, retry later 
2024-07-21 15:27:46,116 [INFO] CADModel:165 - CPN selected for project level
2024-07-21 15:27:46,116 [INFO] CADModel:114 - Register for checkConnection events
2024-07-21 15:27:46,116 [FATAL] Updater:308 - Updater called before beeing initialized
2024-07-21 15:27:46,116 [ERROR] CADModel:125 - Updater not yet initialized, retry later 
2024-07-21 15:27:46,120 [FATAL] Updater:308 - Updater called before beeing initialized
2024-07-21 15:27:46,235 [FATAL] Updater:308 - Updater called before beeing initialized
2024-07-21 15:27:46,244 [INFO] DbMcusAds:53 - JSON generation date=Wed Nov 29 16:22:27 IST 2023 (1701255147200)
2024-07-21 15:27:46,244 [FATAL] Updater:308 - Updater called before beeing initialized
2024-07-21 15:27:46,323 [WARN] DetailPanel:346 - Failed to get advertising image, set to default
2024-07-21 15:27:46,413 [FATAL] Updater:308 - Updater called before beeing initialized
2024-07-21 15:27:46,415 [FATAL] Updater:308 - Updater called before beeing initialized
2024-07-21 15:27:46,416 [FATAL] Updater:308 - Updater called before beeing initialized
2024-07-21 15:27:46,416 [WARN] DetailPanel:346 - Failed to get advertising image, set to default
2024-07-21 15:27:46,416 [FATAL] Updater:308 - Updater called before beeing initialized
2024-07-21 15:27:46,485 [ERROR] Updater:1120 - MainUpdater not yet initialized. External WinMGr cannot be set.
2024-07-21 15:27:46,496 [INFO] Updater:1056 - Updater Version found : 6.10.0
2024-07-21 15:27:46,519 [INFO] ApplicationProperties:184 - Using Application install path: D:\programs\Applications\STM\STM32CubeIDE_1.14.1\STM32CubeIDE\plugins\com.st.stm32cube.common.mx_6.10.0.202311202037
2024-07-21 15:27:48,106 [ERROR] LogOutputStream:75 - [STDERR_REDIRECT] Jul 21, 2024 3:27:48 PM java.util.prefs.WindowsPreferences <init>
2024-07-21 15:27:48,107 [ERROR] LogOutputStream:75 - [STDERR_REDIRECT] WARNING: Could not open/create prefs root node Software\JavaSoft\Prefs at root 0xffffffff80000002. Windows RegCreateKeyEx(...) returned error code 5.
2024-07-21 15:27:48,108 [ERROR] LogOutputStream:75 - [STDERR_REDIRECT] 
2024-07-21 15:27:48,570 [INFO] MainUpdater:2873 - connection check result : 10
2024-07-21 15:27:48,571 [INFO] MainUpdater:3567 - Updater definition file requires update
2024-07-21 15:27:48,572 [INFO] MainUpdater:290 - Updater Check For Update Now.
2024-07-21 15:27:48,572 [INFO] MicroXplorer:498 - Change Database Version : DB.6.0.100
2024-07-21 15:27:48,592 [INFO] McuFinderGlobals:63 - Set McuFinder mode to 2 (CubeIDE integrated)
2024-07-21 15:27:48,796 [INFO] ServerAccessManage:473 - Download File updaters.zip
2024-07-21 15:27:48,918 [WARN] MainUpdater:1194 - Updater busy. Cannot search thirdparties
2024-07-21 15:27:48,918 [INFO] ThirdPartyUpdaterWithRetryManager:96 - Updater plugin is busy. [1/15]
2024-07-21 15:27:48,943 [INFO] FileExtend:240 - Unzip File : updaters.zip
2024-07-21 15:27:48,943 [INFO] FileExtend:255 - Standard Zip Deflate
2024-07-21 15:27:49,012 [INFO] UserAuth:404 - Internet connection configuration mode: 1
2024-07-21 15:27:49,231 [INFO] JxBrowserEngine:152 - Initiate JxBrowser Engine with user profile folder
2024-07-21 15:27:49,738 [INFO] ServerAccessManage:473 - Download File PacksControlFlags.xml
2024-07-21 15:27:49,992 [INFO] ServerAccessManage:473 - Download File cubemx.pidx
2024-07-21 15:27:50,468 [INFO] ServerAccessManage:473 - Download File STMicroelectronics.FP-SNS-STBOX1.pdsc
2024-07-21 15:27:50,927 [INFO] ServerAccessManage:473 - Download File STMicroelectronics.FP-SNS-MOTENV1.pdsc
2024-07-21 15:27:51,521 [INFO] ServerAccessManage:473 - Download File STMicroelectronics.FP-SNS-MOTENVWB1.pdsc
2024-07-21 15:27:51,919 [WARN] MainUpdater:1194 - Updater busy. Cannot search thirdparties
2024-07-21 15:27:51,919 [INFO] ThirdPartyUpdaterWithRetryManager:96 - Updater plugin is busy. [2/15]
2024-07-21 15:27:52,087 [INFO] ServerAccessManage:473 - Download File STMicroelectronics.X-CUBE-AI.pdsc
2024-07-21 15:27:53,723 [INFO] WebApp:161 - Instantiating new browser for Auth
2024-07-21 15:27:54,320 [INFO] ServerAccessManage:473 - Download File STMicroelectronics.X-CUBE-ALS.pdsc
2024-07-21 15:27:54,920 [WARN] MainUpdater:1194 - Updater busy. Cannot search thirdparties
2024-07-21 15:27:54,920 [INFO] ThirdPartyUpdaterWithRetryManager:96 - Updater plugin is busy. [3/15]
2024-07-21 15:27:55,021 [INFO] WebApp:780 - Register for checkConnection events
2024-07-21 15:27:55,022 [INFO] WebApp:414 - Apply proxy settings
2024-07-21 15:27:55,022 [INFO] WebApp:499 - Chromium requires no authentication
2024-07-21 15:27:55,025 [INFO] ServerAccessManage:473 - Download File STMicroelectronics.X-CUBE-BLEMGR.pdsc
2024-07-21 15:27:55,037 [INFO] WebApp:442 - Direct internet connection detected
2024-07-21 15:27:55,266 [INFO] WebApp:192 - Starting web application
2024-07-21 15:27:55,267 [INFO] WebApp:544 - Web application path used D:\programs\Applications\STM\STM32CubeIDE_1.14.1\STM32CubeIDE\plugins\com.st.stm32cube.common.mx_6.10.0.202311202037\db\plugins\mcufinder\reactClient1\index.html
2024-07-21 15:27:56,179 [INFO] ServerAccessManage:473 - Download File STMicroelectronics.X-CUBE-DPOWER.pdsc
2024-07-21 15:27:57,049 [ERROR] ServerAccessManage:1089 - Problem, file not found on Server
2024-07-21 15:27:57,728 [ERROR] ServerAccessManage:1089 - Problem, file not found on Server
2024-07-21 15:27:57,922 [WARN] MainUpdater:1194 - Updater busy. Cannot search thirdparties
2024-07-21 15:27:57,922 [INFO] ThirdPartyUpdaterWithRetryManager:96 - Updater plugin is busy. [4/15]
2024-07-21 15:27:58,416 [ERROR] ServerAccessManage:1089 - Problem, file not found on Server
2024-07-21 15:27:59,084 [ERROR] ServerAccessManage:1089 - Problem, file not found on Server
2024-07-21 15:27:59,773 [ERROR] ServerAccessManage:1089 - Problem, file not found on Server
2024-07-21 15:28:00,483 [ERROR] ServerAccessManage:1089 - Problem, file not found on Server
2024-07-21 15:28:00,923 [WARN] MainUpdater:1194 - Updater busy. Cannot search thirdparties
2024-07-21 15:28:00,923 [INFO] ThirdPartyUpdaterWithRetryManager:96 - Updater plugin is busy. [5/15]
2024-07-21 15:28:01,214 [ERROR] ServerAccessManage:1089 - Problem, file not found on Server
2024-07-21 15:28:01,881 [ERROR] ServerAccessManage:1089 - Problem, file not found on Server
2024-07-21 15:28:02,584 [ERROR] ServerAccessManage:1089 - Problem, file not found on Server
2024-07-21 15:28:03,284 [ERROR] ServerAccessManage:1089 - Problem, file not found on Server
2024-07-21 15:28:03,925 [WARN] MainUpdater:1194 - Updater busy. Cannot search thirdparties
2024-07-21 15:28:03,925 [INFO] ThirdPartyUpdaterWithRetryManager:96 - Updater plugin is busy. [6/15]
2024-07-21 15:28:04,034 [ERROR] ServerAccessManage:1089 - Problem, file not found on Server
2024-07-21 15:28:04,256 [INFO] ServerAccessManage:473 - Download File STMicroelectronics.X-CUBE-FREERTOS.pdsc
2024-07-21 15:28:05,003 [INFO] ServerAccessManage:473 - Download File STMicroelectronics.X-CUBE-NFC6.pdsc
2024-07-21 15:28:05,547 [INFO] ServerAccessManage:473 - Download File STMicroelectronics.X-CUBE-SAFEA1.pdsc
2024-07-21 15:28:05,901 [INFO] ServerAccessManage:473 - Download File STMicroelectronics.X-CUBE-TCPP.pdsc
2024-07-21 15:28:06,403 [INFO] ServerAccessManage:473 - Download File STMicroelectronics.X-CUBE-TOF1.pdsc
2024-07-21 15:28:06,927 [WARN] MainUpdater:1194 - Updater busy. Cannot search thirdparties
2024-07-21 15:28:06,927 [INFO] ThirdPartyUpdaterWithRetryManager:96 - Updater plugin is busy. [7/15]
2024-07-21 15:28:08,313 [ERROR] ServerAccessManage:1089 - Problem, file not found on Server
2024-07-21 15:28:08,575 [INFO] ServerAccessManage:473 - Download File STMicroelectronics.X-CUBE-TOUCHGFX.pdsc
2024-07-21 15:28:09,928 [WARN] MainUpdater:1194 - Updater busy. Cannot search thirdparties
2024-07-21 15:28:09,929 [INFO] ThirdPartyUpdaterWithRetryManager:96 - Updater plugin is busy. [8/15]
2024-07-21 15:28:11,416 [INFO] ServerAccessManage:473 - Download File STMicroelectronics.X-CUBE-ALGOBUILD.pdsc
2024-07-21 15:28:12,452 [INFO] ServerAccessManage:473 - Download File STMicroelectronics.X-CUBE-AZRTOS-H7RS.pdsc
2024-07-21 15:28:12,931 [WARN] MainUpdater:1194 - Updater busy. Cannot search thirdparties
2024-07-21 15:28:12,931 [INFO] ThirdPartyUpdaterWithRetryManager:96 - Updater plugin is busy. [9/15]
2024-07-21 15:28:14,290 [INFO] ServerAccessManage:473 - Download File wolfSSL.I-CUBE-wolfMQTT.pdsc
2024-07-21 15:28:15,934 [WARN] MainUpdater:1194 - Updater busy. Cannot search thirdparties
2024-07-21 15:28:15,934 [INFO] ThirdPartyUpdaterWithRetryManager:96 - Updater plugin is busy. [10/15]
2024-07-21 15:28:15,994 [ERROR] ServerAccessManage:1089 - Problem, file not found on Server
2024-07-21 15:28:16,222 [ERROR] LogOutputStream:75 - [STDERR_REDIRECT] SLF4J: Failed to load class "org.slf4j.impl.StaticLoggerBinder".
2024-07-21 15:28:16,223 [ERROR] LogOutputStream:75 - [STDERR_REDIRECT] SLF4J: Defaulting to no-operation (NOP) logger implementation
2024-07-21 15:28:16,224 [ERROR] LogOutputStream:75 - [STDERR_REDIRECT] SLF4J: See http://www.slf4j.org/codes.html#StaticLoggerBinder for further details.
2024-07-21 15:28:16,346 [INFO] ServerAccessManage:473 - Download File wolfSSL.I-CUBE-wolfTPM.pdsc
2024-07-21 15:28:17,987 [INFO] ServerAccessManage:473 - Download File wolfSSL.I-CUBE-wolfSSH.pdsc
2024-07-21 15:28:18,935 [WARN] MainUpdater:1194 - Updater busy. Cannot search thirdparties
2024-07-21 15:28:18,935 [INFO] ThirdPartyUpdaterWithRetryManager:96 - Updater plugin is busy. [11/15]
2024-07-21 15:28:19,765 [INFO] ServerAccessManage:473 - Download File RealThread.X-CUBE-RT-Thread_Nano.pdsc
2024-07-21 15:28:21,768 [INFO] ServerAccessManage:473 - Download File Cesanta.I-CUBE-Mongoose.pdsc
2024-07-21 15:28:21,937 [WARN] MainUpdater:1194 - Updater busy. Cannot search thirdparties
2024-07-21 15:28:21,937 [INFO] ThirdPartyUpdaterWithRetryManager:96 - Updater plugin is busy. [12/15]
2024-07-21 15:28:24,937 [WARN] MainUpdater:1194 - Updater busy. Cannot search thirdparties
2024-07-21 15:28:24,937 [INFO] ThirdPartyUpdaterWithRetryManager:96 - Updater plugin is busy. [13/15]
2024-07-21 15:28:25,675 [INFO] ServerAccessManage:473 - Download File EmbeddedOffice.I-CUBE-FS-RTOS.pdsc
2024-07-21 15:28:26,287 [WARN] PackLoader:240 - Cannot read IP mode file for STMicroelectronics.FP-SNS-STBOX1.2.0.0
2024-07-21 15:28:26,316 [WARN] PackLoader:240 - Cannot read IP mode file for STMicroelectronics.FP-SNS-MOTENV1.5.0.0
2024-07-21 15:28:26,328 [WARN] PackLoader:240 - Cannot read IP mode file for STMicroelectronics.FP-SNS-MOTENVWB1.1.4.0
2024-07-21 15:28:26,341 [WARN] PackLoader:240 - Cannot read IP mode file for STMicroelectronics.X-CUBE-AI.9.0.0
2024-07-21 15:28:26,350 [WARN] PackLoader:240 - Cannot read IP mode file for STMicroelectronics.X-CUBE-ALS.1.0.2
2024-07-21 15:28:26,371 [WARN] PackLoader:240 - Cannot read IP mode file for STMicroelectronics.X-CUBE-BLEMGR.3.1.0
2024-07-21 15:28:26,391 [WARN] PackLoader:240 - Cannot read IP mode file for STMicroelectronics.X-CUBE-DPower.1.2.0
2024-07-21 15:28:26,401 [WARN] PackLoader:240 - Cannot read IP mode file for STMicroelectronics.X-CUBE-FREERTOS.1.2.0
2024-07-21 15:28:26,416 [WARN] PackLoader:240 - Cannot read IP mode file for STMicroelectronics.X-CUBE-NFC6.3.1.0
2024-07-21 15:28:26,423 [INFO] CheckServerUpdateThread:120 - End of CheckServer Thread
2024-07-21 15:28:26,432 [WARN] PackLoader:240 - Cannot read IP mode file for STMicroelectronics.X-CUBE-SAFEA1.1.2.2
2024-07-21 15:28:26,443 [WARN] PackLoader:240 - Cannot read IP mode file for STMicroelectronics.X-CUBE-TCPP.4.1.0
2024-07-21 15:28:26,466 [WARN] PackLoader:240 - Cannot read IP mode file for STMicroelectronics.X-CUBE-TOF1.3.4.1
2024-07-21 15:28:26,488 [WARN] PackLoader:240 - Cannot read IP mode file for STMicroelectronics.X-CUBE-TOUCHGFX.4.24.0
2024-07-21 15:28:26,500 [WARN] PackLoader:240 - Cannot read IP mode file for STMicroelectronics.X-CUBE-ALGOBUILD.1.4.0
2024-07-21 15:28:26,530 [WARN] PackLoader:240 - Cannot read IP mode file for STMicroelectronics.X-CUBE-AZRTOS-H7RS.1.0.0
2024-07-21 15:28:26,541 [WARN] PackLoader:240 - Cannot read IP mode file for wolfSSL.I-CUBE-wolfMQTT.1.19.0
2024-07-21 15:28:26,548 [WARN] PackLoader:240 - Cannot read IP mode file for wolfSSL.I-CUBE-wolfTPM.3.2.0
2024-07-21 15:28:26,554 [WARN] PackLoader:240 - Cannot read IP mode file for wolfSSL.I-CUBE-wolfSSH.1.4.17
2024-07-21 15:28:26,562 [WARN] PackLoader:240 - Cannot read IP mode file for RealThread.X-CUBE-RT-Thread_Nano.4.1.1
2024-07-21 15:28:26,577 [WARN] PackLoader:240 - Cannot read IP mode file for Cesanta.I-CUBE-Mongoose.7.13.0
2024-07-21 15:28:26,593 [WARN] PackLoader:240 - Cannot read IP mode file for EmbeddedOffice.I-CUBE-FS-RTOS.1.0.1
2024-07-21 15:28:26,594 [ERROR] ConditionMgr:805 - Attr not supported : Dmpu
2024-07-21 15:28:26,594 [ERROR] ConditionMgr:805 - Attr not supported : Dmpu
2024-07-21 15:28:26,599 [ERROR] ConditionMgr:805 - Attr not supported : Dmpu
2024-07-21 15:28:26,599 [ERROR] ConditionMgr:805 - Attr not supported : Dmpu
2024-07-21 15:28:26,599 [ERROR] ConditionMgr:805 - Attr not supported : Dmpu
2024-07-21 15:28:26,599 [ERROR] ConditionMgr:805 - Attr not supported : Dmpu
2024-07-21 15:28:26,600 [ERROR] ConditionMgr:805 - Attr not supported : Dmpu
2024-07-21 15:28:26,600 [ERROR] ConditionMgr:805 - Attr not supported : Dmpu
2024-07-21 15:28:26,600 [ERROR] ConditionMgr:805 - Attr not supported : Dmpu
2024-07-21 15:28:26,600 [ERROR] ConditionMgr:805 - Attr not supported : Dmpu
2024-07-21 15:28:26,600 [ERROR] ConditionMgr:805 - Attr not supported : Dmpu
2024-07-21 15:28:26,600 [ERROR] ConditionMgr:805 - Attr not supported : Dmpu
2024-07-21 15:28:26,603 [ERROR] ConditionMgr:805 - Attr not supported : Dmpu
2024-07-21 15:28:26,603 [ERROR] ConditionMgr:805 - Attr not supported : Dmpu
2024-07-21 15:28:26,603 [ERROR] ConditionMgr:805 - Attr not supported : Dmpu
2024-07-21 15:28:26,603 [ERROR] ConditionMgr:805 - Attr not supported : Dmpu
2024-07-21 15:28:26,604 [ERROR] ConditionMgr:805 - Attr not supported : Dmpu
2024-07-21 15:28:26,604 [ERROR] ConditionMgr:805 - Attr not supported : Dmpu
2024-07-21 15:28:26,604 [ERROR] ConditionMgr:805 - Attr not supported : Dmpu
2024-07-21 15:28:26,604 [ERROR] ConditionMgr:805 - Attr not supported : Dmpu
2024-07-21 15:28:26,604 [ERROR] ConditionMgr:805 - Attr not supported : Dmpu
2024-07-21 15:28:26,604 [ERROR] ConditionMgr:805 - Attr not supported : Dmpu
2024-07-21 15:28:26,604 [ERROR] ConditionMgr:805 - Attr not supported : Dmpu
2024-07-21 15:28:26,604 [ERROR] ConditionMgr:805 - Attr not supported : Dmpu
2024-07-21 15:28:26,605 [ERROR] ConditionMgr:805 - Attr not supported : Dmpu
2024-07-21 15:28:26,605 [ERROR] ConditionMgr:805 - Attr not supported : Dmpu
2024-07-21 15:28:26,605 [ERROR] ConditionMgr:805 - Attr not supported : Dmpu
2024-07-21 15:28:26,606 [ERROR] ConditionMgr:805 - Attr not supported : Dmpu
2024-07-21 15:28:26,606 [ERROR] ConditionMgr:805 - Attr not supported : Dmpu
2024-07-21 15:28:26,606 [ERROR] ConditionMgr:805 - Attr not supported : Dmpu
2024-07-21 15:28:26,606 [ERROR] ConditionMgr:805 - Attr not supported : Dmpu
2024-07-21 15:28:26,606 [ERROR] ConditionMgr:805 - Attr not supported : Dmpu
2024-07-21 15:28:26,606 [ERROR] ConditionMgr:805 - Attr not supported : Dmpu
2024-07-21 15:28:26,606 [ERROR] ConditionMgr:805 - Attr not supported : Dmpu
2024-07-21 15:28:26,606 [ERROR] ConditionMgr:805 - Attr not supported : Dmpu
2024-07-21 15:28:26,606 [ERROR] ConditionMgr:805 - Attr not supported : Dmpu
2024-07-21 15:28:26,606 [ERROR] ConditionMgr:805 - Attr not supported : Dmpu
2024-07-21 15:28:26,606 [ERROR] ConditionMgr:805 - Attr not supported : Dmpu
2024-07-21 15:28:26,606 [ERROR] ConditionMgr:805 - Attr not supported : Dmpu
2024-07-21 15:28:26,606 [ERROR] ConditionMgr:805 - Attr not supported : Dmpu
2024-07-21 15:28:26,606 [ERROR] ConditionMgr:805 - Attr not supported : Dmpu
2024-07-21 15:28:26,606 [ERROR] ConditionMgr:805 - Attr not supported : Dmpu
2024-07-21 15:28:26,607 [ERROR] ConditionMgr:805 - Attr not supported : Dmpu
2024-07-21 15:28:26,607 [ERROR] ConditionMgr:805 - Attr not supported : Dmpu
2024-07-21 15:28:26,607 [ERROR] ConditionMgr:805 - Attr not supported : Dmpu
2024-07-21 15:28:26,607 [ERROR] ConditionMgr:805 - Attr not supported : Dmpu
2024-07-21 15:28:26,608 [ERROR] ConditionMgr:805 - Attr not supported : Dmpu
2024-07-21 15:28:26,609 [ERROR] ConditionMgr:805 - Attr not supported : Dmpu
2024-07-21 15:28:26,609 [ERROR] ConditionMgr:805 - Attr not supported : Dmpu
2024-07-21 15:28:26,609 [ERROR] ConditionMgr:805 - Attr not supported : Dmpu
2024-07-21 15:28:26,609 [ERROR] ConditionMgr:805 - Attr not supported : Dmpu
2024-07-21 15:28:26,609 [ERROR] ConditionMgr:805 - Attr not supported : Dmpu
2024-07-21 15:28:26,610 [ERROR] ConditionMgr:805 - Attr not supported : Dmpu
2024-07-21 15:28:26,610 [ERROR] ConditionMgr:805 - Attr not supported : Dmpu
2024-07-21 15:28:26,610 [ERROR] ConditionMgr:805 - Attr not supported : Dmpu
2024-07-21 15:28:26,610 [ERROR] ConditionMgr:805 - Attr not supported : Dmpu
2024-07-21 15:28:26,610 [ERROR] ConditionMgr:805 - Attr not supported : Dmpu
2024-07-21 15:28:26,610 [ERROR] ConditionMgr:805 - Attr not supported : Dmpu
2024-07-21 15:28:26,610 [ERROR] ConditionMgr:805 - Attr not supported : Dmpu
2024-07-21 15:28:26,611 [ERROR] ConditionMgr:805 - Attr not supported : Dmpu
2024-07-21 15:28:26,611 [ERROR] ConditionMgr:805 - Attr not supported : Dmpu
2024-07-21 15:28:26,611 [ERROR] ConditionMgr:805 - Attr not supported : Dmpu
2024-07-21 15:28:26,611 [ERROR] ConditionMgr:805 - Attr not supported : Dmpu
2024-07-21 15:28:26,611 [ERROR] ConditionMgr:805 - Attr not supported : Dmpu
2024-07-21 15:28:26,612 [INFO] PopulateThirdPartyThread:66 - Ending populate Thread
2024-07-21 15:28:26,614 [INFO] ThirdParty:1030 - CMSIS Pack Vendor :STMicroelectronics FP-SNS-STBOX1 2.0.0
2024-07-21 15:28:26,616 [INFO] ThirdParty:1030 - CMSIS Pack Vendor :STMicroelectronics X-CUBE-BLEMGR 3.1.0
2024-07-21 15:28:26,617 [INFO] ThirdParty:1030 - CMSIS Pack Vendor :RealThread X-CUBE-RT-Thread_Nano 4.1.1
2024-07-21 15:28:26,617 [INFO] ThirdParty:1030 - CMSIS Pack Vendor :STMicroelectronics FP-SNS-MOTENVWB1 1.4.0
2024-07-21 15:28:26,617 [INFO] ThirdParty:1030 - CMSIS Pack Vendor :STMicroelectronics X-CUBE-ALGOBUILD 1.4.0
2024-07-21 15:28:26,617 [INFO] ThirdParty:1030 - CMSIS Pack Vendor :STMicroelectronics FP-SNS-MOTENV1 5.0.0
2024-07-21 15:28:26,617 [INFO] ThirdParty:1030 - CMSIS Pack Vendor :STMicroelectronics X-CUBE-DPower 1.2.0
2024-07-21 15:28:26,617 [INFO] ThirdParty:1030 - CMSIS Pack Vendor :STMicroelectronics X-CUBE-SAFEA1 1.2.2
2024-07-21 15:28:26,617 [INFO] ThirdParty:1030 - CMSIS Pack Vendor :STMicroelectronics X-CUBE-TCPP 4.1.0
2024-07-21 15:28:26,617 [INFO] ThirdParty:1030 - CMSIS Pack Vendor :STMicroelectronics X-CUBE-AZRTOS-H7RS 1.0.0
2024-07-21 15:28:26,617 [INFO] ThirdParty:1030 - CMSIS Pack Vendor :wolfSSL I-CUBE-wolfMQTT 1.19.0
2024-07-21 15:28:26,617 [INFO] ThirdParty:1030 - CMSIS Pack Vendor :STMicroelectronics X-CUBE-ALS 1.0.2
2024-07-21 15:28:26,617 [INFO] ThirdParty:1030 - CMSIS Pack Vendor :STMicroelectronics X-CUBE-FREERTOS 1.2.0
2024-07-21 15:28:26,617 [INFO] ThirdParty:1030 - CMSIS Pack Vendor :EmbeddedOffice I-CUBE-FS-RTOS 1.0.1
2024-07-21 15:28:26,617 [INFO] ThirdParty:1030 - CMSIS Pack Vendor :STMicroelectronics X-CUBE-TOUCHGFX 4.24.0
2024-07-21 15:28:26,617 [INFO] ThirdParty:1030 - CMSIS Pack Vendor :Cesanta I-CUBE-Mongoose 7.13.0
2024-07-21 15:28:26,617 [INFO] ThirdParty:1030 - CMSIS Pack Vendor :wolfSSL I-CUBE-wolfTPM 3.2.0
2024-07-21 15:28:26,617 [INFO] ThirdParty:1030 - CMSIS Pack Vendor :STMicroelectronics X-CUBE-AI 9.0.0
2024-07-21 15:28:26,617 [INFO] ThirdParty:1030 - CMSIS Pack Vendor :STMicroelectronics X-CUBE-TOF1 3.4.1
2024-07-21 15:28:26,617 [INFO] ThirdParty:1030 - CMSIS Pack Vendor :wolfSSL I-CUBE-wolfSSH 1.4.17
2024-07-21 15:28:26,617 [INFO] ThirdParty:1030 - CMSIS Pack Vendor :STMicroelectronics X-CUBE-NFC6 3.1.0
2024-07-21 15:28:26,618 [INFO] LoadServerUpdatesThread:375 - End of LoadServerUpdate Thread
2024-07-21 15:28:28,188 [WARN] PackLoader:240 - Cannot read IP mode file for STMicroelectronics.FP-SNS-MOTENVWB1.1.4.0
2024-07-21 15:28:28,204 [WARN] PackLoader:240 - Cannot read IP mode file for STMicroelectronics.X-CUBE-SMBUS.2.1.0
2024-07-21 15:28:28,221 [WARN] PackLoader:240 - Cannot read IP mode file for STMicroelectronics.X-CUBE-TOUCHGFX.4.23.0
2024-07-21 15:28:28,255 [WARN] PackLoader:240 - Cannot read IP mode file for STMicroelectronics.X-CUBE-AZRTOS-F7.1.1.0
2024-07-21 15:28:28,276 [WARN] PackLoader:240 - Cannot read IP mode file for STMicroelectronics.FP-SNS-MOTENV1.4.3.2
2024-07-21 15:28:28,285 [WARN] PackLoader:240 - Cannot read IP mode file for STMicroelectronics.FP-SNS-FLIGHT1.5.0.2
2024-07-21 15:28:28,304 [WARN] PackLoader:240 - Cannot read IP mode file for STMicroelectronics.X-CUBE-DISPLAY.3.0.0
2024-07-21 15:28:28,314 [WARN] PackLoader:240 - Cannot read IP mode file for STMicroelectronics.X-CUBE-BLE1.7.0.0
2024-07-21 15:28:28,346 [WARN] PackLoader:240 - Cannot read IP mode file for emotas.I-CUBE-CANOPEN.1.3.0
2024-07-21 15:28:28,346 [WARN] PackLoader:240 - Cannot read IP mode file for STMicroelectronics.X-CUBE-BLEMGR.3.1.0
2024-07-21 15:28:28,377 [WARN] PackLoader:240 - Cannot read IP mode file for STMicroelectronics.FP-SNS-SMARTAG2.1.2.0
2024-07-21 15:28:28,408 [INFO] LogOutputStream:77 - [STDOUT_REDIRECT] 1 : Invalid condition id : UX_CORESTACK_Condition cause : null
2024-07-21 15:28:28,408 [INFO] LogOutputStream:77 - [STDOUT_REDIRECT] 1 : Invalid condition id : UX_CORESTACK_Condition cause : null
2024-07-21 15:28:28,408 [INFO] LogOutputStream:77 - [STDOUT_REDIRECT] 1 : Invalid condition id : UX_CORESTACK_Condition cause : null
2024-07-21 15:28:28,408 [INFO] LogOutputStream:77 - [STDOUT_REDIRECT] 1 : Invalid condition id : UX_CORESTACK_Condition cause : null
2024-07-21 15:28:28,408 [INFO] LogOutputStream:77 - [STDOUT_REDIRECT] 1 : Invalid condition id : UX_CORESTACK_Condition cause : null
2024-07-21 15:28:28,408 [WARN] PackLoader:240 - Cannot read IP mode file for STMicroelectronics.X-CUBE-AZRTOS-WL.2.0.0
2024-07-21 15:28:28,424 [WARN] PackLoader:240 - Cannot read IP mode file for STMicroelectronics.FP-SNS-MOTENV1.5.0.0
2024-07-21 15:28:28,424 [WARN] PackLoader:240 - Cannot read IP mode file for wolfSSL.I-CUBE-wolfMQTT.1.19.0
2024-07-21 15:28:28,455 [WARN] PackLoader:240 - Cannot read IP mode file for WES.I-CUBE-Cesium.1.3.0
2024-07-21 15:28:28,471 [WARN] PackLoader:240 - Cannot read IP mode file for STMicroelectronics.X-CUBE-BLE2.3.3.0
2024-07-21 15:28:28,471 [WARN] PackLoader:240 - Cannot read IP mode file for STMicroelectronics.X-CUBE-TCPP.4.1.0
2024-07-21 15:28:28,486 [WARN] PackLoader:240 - Cannot read IP mode file for STMicroelectronics.X-CUBE-ALGOBUILD.1.3.0
2024-07-21 15:28:28,533 [WARN] PackLoader:240 - Cannot read IP mode file for STMicroelectronics.X-CUBE-AZRTOS-G0.1.1.0
2024-07-21 15:28:28,549 [WARN] PackLoader:240 - Cannot read IP mode file for STMicroelectronics.X-CUBE-SAFEA1.1.2.2
2024-07-21 15:28:28,564 [WARN] PackLoader:240 - Cannot read IP mode file for STMicroelectronics.X-CUBE-NFC4.3.0.0
2024-07-21 15:28:28,564 [WARN] PackLoader:240 - Cannot read IP mode file for EmbeddedOffice.I-CUBE-FS-RTOS.1.0.1
2024-07-21 15:28:28,580 [ERROR] ConditionMgr:805 - Attr not supported : Dmpu
2024-07-21 15:28:28,580 [ERROR] ConditionMgr:805 - Attr not supported : Dmpu
2024-07-21 15:28:28,580 [ERROR] ConditionMgr:805 - Attr not supported : Dmpu
2024-07-21 15:28:28,580 [ERROR] ConditionMgr:805 - Attr not supported : Dmpu
2024-07-21 15:28:28,580 [ERROR] ConditionMgr:805 - Attr not supported : Dmpu
2024-07-21 15:28:28,580 [ERROR] ConditionMgr:805 - Attr not supported : Dmpu
2024-07-21 15:28:28,580 [ERROR] ConditionMgr:805 - Attr not supported : Dmpu
2024-07-21 15:28:28,580 [ERROR] ConditionMgr:805 - Attr not supported : Dmpu
2024-07-21 15:28:28,580 [ERROR] ConditionMgr:805 - Attr not supported : Dmpu
2024-07-21 15:28:28,580 [ERROR] ConditionMgr:805 - Attr not supported : Dmpu
2024-07-21 15:28:28,580 [ERROR] ConditionMgr:805 - Attr not supported : Dmpu
2024-07-21 15:28:28,580 [ERROR] ConditionMgr:805 - Attr not supported : Dmpu
2024-07-21 15:28:28,580 [ERROR] ConditionMgr:805 - Attr not supported : Dmpu
2024-07-21 15:28:28,580 [ERROR] ConditionMgr:805 - Attr not supported : Dmpu
2024-07-21 15:28:28,580 [ERROR] ConditionMgr:805 - Attr not supported : Dmpu
2024-07-21 15:28:28,580 [ERROR] ConditionMgr:805 - Attr not supported : Dmpu
2024-07-21 15:28:28,580 [ERROR] ConditionMgr:805 - Attr not supported : Dmpu
2024-07-21 15:28:28,580 [ERROR] ConditionMgr:805 - Attr not supported : Dmpu
2024-07-21 15:28:28,580 [ERROR] ConditionMgr:805 - Attr not supported : Dmpu
2024-07-21 15:28:28,580 [ERROR] ConditionMgr:805 - Attr not supported : Dmpu
2024-07-21 15:28:28,580 [ERROR] ConditionMgr:805 - Attr not supported : Dmpu
2024-07-21 15:28:28,580 [ERROR] ConditionMgr:805 - Attr not supported : Dmpu
2024-07-21 15:28:28,580 [ERROR] ConditionMgr:805 - Attr not supported : Dmpu
2024-07-21 15:28:28,580 [ERROR] ConditionMgr:805 - Attr not supported : Dmpu
2024-07-21 15:28:28,580 [ERROR] ConditionMgr:805 - Attr not supported : Dmpu
2024-07-21 15:28:28,580 [ERROR] ConditionMgr:805 - Attr not supported : Dmpu
2024-07-21 15:28:28,580 [ERROR] ConditionMgr:805 - Attr not supported : Dmpu
2024-07-21 15:28:28,580 [ERROR] ConditionMgr:805 - Attr not supported : Dmpu
2024-07-21 15:28:28,580 [ERROR] ConditionMgr:805 - Attr not supported : Dmpu
2024-07-21 15:28:28,580 [ERROR] ConditionMgr:805 - Attr not supported : Dmpu
2024-07-21 15:28:28,580 [ERROR] ConditionMgr:805 - Attr not supported : Dmpu
2024-07-21 15:28:28,580 [ERROR] ConditionMgr:805 - Attr not supported : Dmpu
2024-07-21 15:28:28,580 [ERROR] ConditionMgr:805 - Attr not supported : Dmpu
2024-07-21 15:28:28,580 [ERROR] ConditionMgr:805 - Attr not supported : Dmpu
2024-07-21 15:28:28,580 [ERROR] ConditionMgr:805 - Attr not supported : Dmpu
2024-07-21 15:28:28,580 [ERROR] ConditionMgr:805 - Attr not supported : Dmpu
2024-07-21 15:28:28,580 [ERROR] ConditionMgr:805 - Attr not supported : Dmpu
2024-07-21 15:28:28,580 [ERROR] ConditionMgr:805 - Attr not supported : Dmpu
2024-07-21 15:28:28,580 [ERROR] ConditionMgr:805 - Attr not supported : Dmpu
2024-07-21 15:28:28,580 [ERROR] ConditionMgr:805 - Attr not supported : Dmpu
2024-07-21 15:28:28,580 [ERROR] ConditionMgr:805 - Attr not supported : Dmpu
2024-07-21 15:28:28,580 [ERROR] ConditionMgr:805 - Attr not supported : Dmpu
2024-07-21 15:28:28,580 [ERROR] ConditionMgr:805 - Attr not supported : Dmpu
2024-07-21 15:28:28,580 [ERROR] ConditionMgr:805 - Attr not supported : Dmpu
2024-07-21 15:28:28,580 [ERROR] ConditionMgr:805 - Attr not supported : Dmpu
2024-07-21 15:28:28,580 [ERROR] ConditionMgr:805 - Attr not supported : Dmpu
2024-07-21 15:28:28,580 [ERROR] ConditionMgr:805 - Attr not supported : Dmpu
2024-07-21 15:28:28,580 [ERROR] ConditionMgr:805 - Attr not supported : Dmpu
2024-07-21 15:28:28,580 [ERROR] ConditionMgr:805 - Attr not supported : Dmpu
2024-07-21 15:28:28,580 [ERROR] ConditionMgr:805 - Attr not supported : Dmpu
2024-07-21 15:28:28,580 [ERROR] ConditionMgr:805 - Attr not supported : Dmpu
2024-07-21 15:28:28,580 [ERROR] ConditionMgr:805 - Attr not supported : Dmpu
2024-07-21 15:28:28,580 [ERROR] ConditionMgr:805 - Attr not supported : Dmpu
2024-07-21 15:28:28,580 [ERROR] ConditionMgr:805 - Attr not supported : Dmpu
2024-07-21 15:28:28,580 [ERROR] ConditionMgr:805 - Attr not supported : Dmpu
2024-07-21 15:28:28,580 [ERROR] ConditionMgr:805 - Attr not supported : Dmpu
2024-07-21 15:28:28,580 [ERROR] ConditionMgr:805 - Attr not supported : Dmpu
2024-07-21 15:28:28,580 [ERROR] ConditionMgr:805 - Attr not supported : Dmpu
2024-07-21 15:28:28,580 [ERROR] ConditionMgr:805 - Attr not supported : Dmpu
2024-07-21 15:28:28,580 [ERROR] ConditionMgr:805 - Attr not supported : Dmpu
2024-07-21 15:28:28,580 [ERROR] ConditionMgr:805 - Attr not supported : Dmpu
2024-07-21 15:28:28,580 [ERROR] ConditionMgr:805 - Attr not supported : Dmpu
2024-07-21 15:28:28,580 [ERROR] ConditionMgr:805 - Attr not supported : Dmpu
2024-07-21 15:28:28,580 [ERROR] ConditionMgr:805 - Attr not supported : Dmpu
2024-07-21 15:28:28,596 [WARN] PackLoader:240 - Cannot read IP mode file for STMicroelectronics.X-CUBE-BLEMGR.3.0.0
2024-07-21 15:28:28,611 [WARN] PackLoader:240 - Cannot read IP mode file for RealThread.X-CUBE-RT-Thread_Nano.4.1.1
2024-07-21 15:28:28,627 [WARN] PackLoader:240 - Cannot read IP mode file for STMicroelectronics.FP-ATR-SIGFOX1.3.2.0
2024-07-21 15:28:28,643 [WARN] PackLoader:240 - Cannot read IP mode file for STMicroelectronics.X-CUBE-EEPRMA1.5.1.0
2024-07-21 15:28:28,721 [WARN] PackLoader:240 - Cannot read IP mode file for SEGGER.I-CUBE-embOS.1.3.1
2024-07-21 15:28:28,814 [WARN] PackLoader:240 - Cannot read IP mode file for STMicroelectronics.X-CUBE-ALGOBUILD.1.4.0
2024-07-21 15:28:28,846 [WARN] PackLoader:240 - Cannot read IP mode file for STMicroelectronics.X-CUBE-GNSS1.6.0.0
2024-07-21 15:28:28,893 [WARN] PackLoader:240 - Cannot read IP mode file for STMicroelectronics.X-CUBE-AZRTOS-F4.1.1.0
2024-07-21 15:28:28,908 [WARN] PackLoader:240 - Cannot read IP mode file for STMicroelectronics.X-CUBE-FREERTOS.1.2.0
2024-07-21 15:28:28,924 [WARN] PackLoader:240 - Cannot read IP mode file for wolfSSL.I-CUBE-wolfSSL.5.6.6
2024-07-21 15:28:28,955 [WARN] PackLoader:240 - Cannot read IP mode file for STMicroelectronics.X-CUBE-AZRTOS-L5.2.0.0
2024-07-21 15:28:28,971 [WARN] PackLoader:240 - Cannot read IP mode file for STMicroelectronics.X-CUBE-NFC6.3.1.0
2024-07-21 15:28:28,986 [WARN] PackLoader:240 - Cannot read IP mode file for ITTIA_DB.I-CUBE-ITTIADB.8.8.0
2024-07-21 15:28:28,986 [WARN] PackLoader:240 - Cannot read IP mode file for STMicroelectronics.X-CUBE-DPower.1.2.0
2024-07-21 15:28:29,002 [WARN] PackLoader:240 - Cannot read IP mode file for STMicroelectronics.X-CUBE-AI.9.0.0
2024-07-21 15:28:29,018 [WARN] PackLoader:240 - Cannot read IP mode file for STMicroelectronics.X-CUBE-NFC7.1.0.1
2024-07-21 15:28:29,018 [WARN] PackLoader:240 - Cannot read IP mode file for wolfSSL.I-CUBE-wolfTPM.3.2.0
2024-07-21 15:28:29,042 [WARN] PackLoader:240 - Cannot read IP mode file for STMicroelectronics.X-CUBE-NFC6.3.0.0
2024-07-21 15:28:29,067 [WARN] PackLoader:240 - Cannot read IP mode file for STMicroelectronics.X-CUBE-AI.8.1.0
2024-07-21 15:28:29,128 [WARN] ConditionMgr:438 - getConditionDescription Invalid condition id : LAN8742 Phy interface Condition cause : null
2024-07-21 15:28:29,128 [WARN] PackLoader:240 - Cannot read IP mode file for STMicroelectronics.X-CUBE-AZRTOS-L4.2.0.0
2024-07-21 15:28:29,128 [WARN] ConditionMgr:1039 - genDependencies : Invalid condition id : LAN8742 Phy interface Condition cause : null
2024-07-21 15:28:29,128 [WARN] ConditionMgr:1039 - genDependencies : Invalid condition id : LAN8742 Phy interface Condition cause : null
2024-07-21 15:28:29,128 [WARN] ConditionMgr:1039 - genDependencies : Invalid condition id : LAN8742 Phy interface Condition cause : null
2024-07-21 15:28:29,159 [WARN] PackLoader:240 - Cannot read IP mode file for STMicroelectronics.X-CUBE-SFXS2LP1.4.0.0
2024-07-21 15:28:29,206 [WARN] ConditionMgr:438 - getConditionDescription Invalid condition id : UX DEVICE CLASS RTOS Condition cause : null
2024-07-21 15:28:29,206 [WARN] ConditionMgr:438 - getConditionDescription Invalid condition id : UX DEVICE CLASS RTOS Condition cause : null
2024-07-21 15:28:29,206 [WARN] PackLoader:240 - Cannot read IP mode file for STMicroelectronics.X-CUBE-AZRTOS-WB.2.0.0
2024-07-21 15:28:29,206 [WARN] ConditionMgr:1039 - genDependencies : Invalid condition id : UX DEVICE CLASS RTOS Condition cause : null
2024-07-21 15:28:29,206 [WARN] ConditionMgr:1039 - genDependencies : Invalid condition id : UX DEVICE CLASS RTOS Condition cause : null
2024-07-21 15:28:29,206 [WARN] ConditionMgr:1039 - genDependencies : Invalid condition id : UX DEVICE CLASS RTOS Condition cause : null
2024-07-21 15:28:29,206 [WARN] ConditionMgr:1039 - genDependencies : Invalid condition id : UX DEVICE CLASS RTOS Condition cause : null
2024-07-21 15:28:29,206 [WARN] ConditionMgr:1039 - genDependencies : Invalid condition id : UX DEVICE CLASS RTOS Condition cause : null
2024-07-21 15:28:29,221 [WARN] PackLoader:240 - Cannot read IP mode file for STMicroelectronics.FP-SNS-STBOX1.2.0.0
2024-07-21 15:28:29,253 [WARN] PackLoader:240 - Cannot read IP mode file for STMicroelectronics.X-CUBE-SUBG2.5.0.0
2024-07-21 15:28:29,269 [WARN] PackLoader:240 - Cannot read IP mode file for Cesanta.I-CUBE-Mongoose.7.13.0
2024-07-21 15:28:29,316 [WARN] PackLoader:240 - Cannot read IP mode file for STMicroelectronics.X-CUBE-AZRTOS-G4.2.0.0
2024-07-21 15:28:29,363 [WARN] PackLoader:240 - Cannot read IP mode file for Infineon.AIROC-Wi-Fi-Bluetooth-STM32.1.5.1
2024-07-21 15:28:29,379 [WARN] PackLoader:240 - Cannot read IP mode file for STMicroelectronics.FP-SNS-MOTENVWB1.1.3.1
2024-07-21 15:28:29,394 [WARN] PackLoader:240 - Cannot read IP mode file for STMicroelectronics.X-CUBE-ISPU.2.0.0
2024-07-21 15:28:29,410 [WARN] PackLoader:240 - Cannot read IP mode file for STMicroelectronics.X-CUBE-ALS.1.0.2
2024-07-21 15:28:29,504 [WARN] PackLoader:240 - Cannot read IP mode file for STMicroelectronics.X-CUBE-MEMS1.10.0.0
2024-07-21 15:28:29,629 [WARN] PackLoader:240 - Cannot read IP mode file for STMicroelectronics.X-CUBE-FREERTOS.1.1.0
2024-07-21 15:28:29,629 [WARN] PackLoader:240 - Cannot read IP mode file for STMicroelectronics.X-CUBE-TOUCHGFX.4.24.0
2024-07-21 15:28:29,660 [WARN] PackLoader:240 - Cannot read IP mode file for portGmbH.I-Cube-SoM-uGOAL.1.1.0
2024-07-21 15:28:29,676 [WARN] PackLoader:240 - Cannot read IP mode file for STMicroelectronics.X-CUBE-ALS.1.0.1
2024-07-21 15:28:29,691 [WARN] PackLoader:240 - Cannot read IP mode file for STMicroelectronics.X-CUBE-AZRTOS-H7RS.1.0.0
2024-07-21 15:28:29,707 [WARN] PackLoader:240 - Cannot read IP mode file for STMicroelectronics.FP-ATR-ASTRA1.2.0.0
2024-07-21 15:28:29,738 [WARN] PackLoader:240 - Cannot read IP mode file for STMicroelectronics.X-CUBE-TOF1.3.4.0
2024-07-21 15:28:29,769 [WARN] PackLoader:240 - Cannot read IP mode file for STMicroelectronics.X-CUBE-TOF1.3.4.1
2024-07-21 15:28:29,879 [WARN] PackLoader:240 - Cannot read IP mode file for STMicroelectronics.X-CUBE-AZRTOS-H7.3.2.0
2024-07-21 15:28:29,894 [WARN] PackLoader:240 - Cannot read IP mode file for wolfSSL.I-CUBE-wolfSSH.1.4.17
2024-07-21 15:28:29,894 [INFO] ThirdParty:978 - Integrity check success = true
2024-07-21 15:28:29,894 [INFO] IntegrityCheckThread:100 - exiting critical section [integrity check]
2024-07-21 15:28:29,894 [INFO] IntegrityCheckThread:103 - End integrity checks thread
